<?xml version="1.0" encoding="UTF-8"?>
<testng-results skipped="1" failed="1" ignored="0" total="13" passed="11">
  <reporter-output>
  </reporter-output>
  <suite name="Suite" duration-ms="194752" started-at="2019-11-23T08:12:49 PST" finished-at="2019-11-23T08:16:03 PST">
    <groups>
    </groups>
    <test name="Boost User Loging" duration-ms="50547" started-at="2019-11-23T08:12:49 PST" finished-at="2019-11-23T08:13:39 PST">
      <class name="testCases.BoostMobileLoginTest">
        <test-method status="PASS" signature="invokeBrowser()[pri:0, instance:testCases.BoostMobileLoginTest@490ab905]" name="invokeBrowser" is-config="true" duration-ms="4332" started-at="2019-11-23T08:12:49 PST" finished-at="2019-11-23T08:12:53 PST">
          <reporter-output>
          </reporter-output>
        </test-method> <!-- invokeBrowser -->
        <test-method status="FAIL" signature="UserLoginInformation(java.lang.String, java.lang.String)[pri:0, instance:testCases.BoostMobileLoginTest@490ab905]" name="UserLoginInformation" duration-ms="20087" started-at="2019-11-23T08:12:53 PST" data-provider="UserInformation" finished-at="2019-11-23T08:13:13 PST">
          <params>
            <param index="0">
              <value>
                <![CDATA[7573587255]]>
              </value>
            </param>
            <param index="1">
              <value>
                <![CDATA[1987]]>
              </value>
            </param>
          </params>
          <exception class="org.openqa.selenium.TimeoutException">
            <message>
              <![CDATA[timeout
  (Session info: chrome=78.0.3904.108)
Build info: version: '3.141.59', revision: 'e82be7d358', time: '2018-11-14T08:17:03'
System info: host: 'KAMAL', ip: '192.168.0.13', os.name: 'Windows 8.1', os.arch: 'amd64', os.version: '6.3', java.version: '1.8.0_221'
Driver info: org.openqa.selenium.chrome.ChromeDriver
Capabilities {acceptInsecureCerts: false, browserName: chrome, browserVersion: 78.0.3904.108, chrome: {chromedriverVersion: 77.0.3865.40 (f484704e052e0..., userDataDir: C:\Users\KAMALU~1\AppData\L...}, goog:chromeOptions: {debuggerAddress: localhost:59772}, javascriptEnabled: true, networkConnectionEnabled: false, pageLoadStrategy: normal, platform: XP, platformName: XP, proxy: Proxy(), setWindowRect: true, strictFileInteractability: false, timeouts: {implicit: 0, pageLoad: 300000, script: 30000}, unhandledPromptBehavior: dismiss and notify}
Session ID: 40aefe7d5f839f7261cf194eb0033ffb]]>
            </message>
            <full-stacktrace>
              <![CDATA[org.openqa.selenium.TimeoutException: timeout
  (Session info: chrome=78.0.3904.108)
Build info: version: '3.141.59', revision: 'e82be7d358', time: '2018-11-14T08:17:03'
System info: host: 'KAMAL', ip: '192.168.0.13', os.name: 'Windows 8.1', os.arch: 'amd64', os.version: '6.3', java.version: '1.8.0_221'
Driver info: org.openqa.selenium.chrome.ChromeDriver
Capabilities {acceptInsecureCerts: false, browserName: chrome, browserVersion: 78.0.3904.108, chrome: {chromedriverVersion: 77.0.3865.40 (f484704e052e0..., userDataDir: C:\Users\KAMALU~1\AppData\L...}, goog:chromeOptions: {debuggerAddress: localhost:59772}, javascriptEnabled: true, networkConnectionEnabled: false, pageLoadStrategy: normal, platform: XP, platformName: XP, proxy: Proxy(), setWindowRect: true, strictFileInteractability: false, timeouts: {implicit: 0, pageLoad: 300000, script: 30000}, unhandledPromptBehavior: dismiss and notify}
Session ID: 40aefe7d5f839f7261cf194eb0033ffb
at sun.reflect.NativeConstructorAccessorImpl.newInstance0(Native Method)
at sun.reflect.NativeConstructorAccessorImpl.newInstance(NativeConstructorAccessorImpl.java:62)
at sun.reflect.DelegatingConstructorAccessorImpl.newInstance(DelegatingConstructorAccessorImpl.java:45)
at java.lang.reflect.Constructor.newInstance(Constructor.java:423)
at org.openqa.selenium.remote.http.W3CHttpResponseCodec.createException(W3CHttpResponseCodec.java:187)
at org.openqa.selenium.remote.http.W3CHttpResponseCodec.decode(W3CHttpResponseCodec.java:122)
at org.openqa.selenium.remote.http.W3CHttpResponseCodec.decode(W3CHttpResponseCodec.java:49)
at org.openqa.selenium.remote.HttpCommandExecutor.execute(HttpCommandExecutor.java:158)
at org.openqa.selenium.remote.service.DriverCommandExecutor.execute(DriverCommandExecutor.java:83)
at org.openqa.selenium.remote.RemoteWebDriver.execute(RemoteWebDriver.java:552)
at org.openqa.selenium.remote.RemoteWebDriver.get(RemoteWebDriver.java:277)
at testCases.BoostMobileLoginTest.UserLoginInformation(BoostMobileLoginTest.java:28)
at sun.reflect.NativeMethodAccessorImpl.invoke0(Native Method)
at sun.reflect.NativeMethodAccessorImpl.invoke(NativeMethodAccessorImpl.java:62)
at sun.reflect.DelegatingMethodAccessorImpl.invoke(DelegatingMethodAccessorImpl.java:43)
at java.lang.reflect.Method.invoke(Method.java:498)
at org.testng.internal.MethodInvocationHelper.invokeMethod(MethodInvocationHelper.java:133)
at org.testng.internal.TestInvoker.invokeMethod(TestInvoker.java:584)
at org.testng.internal.TestInvoker.invokeTestMethod(TestInvoker.java:172)
at org.testng.internal.MethodRunner.runInSequence(MethodRunner.java:46)
at org.testng.internal.TestInvoker$MethodInvocationAgent.invoke(TestInvoker.java:804)
at org.testng.internal.TestInvoker.invokeTestMethods(TestInvoker.java:145)
at org.testng.internal.TestMethodWorker.invokeTestMethods(TestMethodWorker.java:146)
at org.testng.internal.TestMethodWorker.run(TestMethodWorker.java:128)
at java.util.ArrayList.forEach(ArrayList.java:1257)
at org.testng.TestRunner.privateRun(TestRunner.java:770)
at org.testng.TestRunner.run(TestRunner.java:591)
at org.testng.SuiteRunner.runTest(SuiteRunner.java:402)
at org.testng.SuiteRunner.runSequentially(SuiteRunner.java:396)
at org.testng.SuiteRunner.privateRun(SuiteRunner.java:355)
at org.testng.SuiteRunner.run(SuiteRunner.java:304)
at org.testng.SuiteRunnerWorker.runSuite(SuiteRunnerWorker.java:53)
at org.testng.SuiteRunnerWorker.run(SuiteRunnerWorker.java:96)
at org.testng.TestNG.runSuitesSequentially(TestNG.java:1180)
at org.testng.TestNG.runSuitesLocally(TestNG.java:1102)
at org.testng.TestNG.runSuites(TestNG.java:1032)
at org.testng.TestNG.run(TestNG.java:1000)
at org.apache.maven.surefire.testng.TestNGExecutor.run(TestNGExecutor.java:283)
at org.apache.maven.surefire.testng.TestNGXmlTestSuite.execute(TestNGXmlTestSuite.java:75)
at org.apache.maven.surefire.testng.TestNGProvider.invoke(TestNGProvider.java:120)
at org.apache.maven.surefire.booter.ForkedBooter.runSuitesInProcess(ForkedBooter.java:377)
at org.apache.maven.surefire.booter.ForkedBooter.execute(ForkedBooter.java:138)
at org.apache.maven.surefire.booter.ForkedBooter.run(ForkedBooter.java:465)
at org.apache.maven.surefire.booter.ForkedBooter.main(ForkedBooter.java:451)
]]>
            </full-stacktrace>
          </exception> <!-- org.openqa.selenium.TimeoutException -->
          <reporter-output>
          </reporter-output>
        </test-method> <!-- UserLoginInformation -->
        <test-method status="PASS" signature="UserLoginInformation(java.lang.String, java.lang.String)[pri:0, instance:testCases.BoostMobileLoginTest@490ab905]" name="UserLoginInformation" duration-ms="24622" started-at="2019-11-23T08:13:14 PST" data-provider="UserInformation" finished-at="2019-11-23T08:13:38 PST">
          <params>
            <param index="0">
              <value>
                <![CDATA[7576601027]]>
              </value>
            </param>
            <param index="1">
              <value>
                <![CDATA[1996]]>
              </value>
            </param>
          </params>
          <reporter-output>
          </reporter-output>
        </test-method> <!-- UserLoginInformation -->
        <test-method status="PASS" signature="exit()[pri:0, instance:testCases.BoostMobileLoginTest@490ab905]" name="exit" is-config="true" duration-ms="671" started-at="2019-11-23T08:13:38 PST" finished-at="2019-11-23T08:13:39 PST">
          <reporter-output>
          </reporter-output>
        </test-method> <!-- exit -->
      </class> <!-- testCases.BoostMobileLoginTest -->
    </test> <!-- Boost User Loging -->
    <test name="Boost User Loging DataBaseConnection" duration-ms="24184" started-at="2019-11-23T08:13:40 PST" finished-at="2019-11-23T08:14:04 PST">
      <class name="testCases.BoostConnectDB">
        <test-method status="FAIL" signature="invokeBrowser()[pri:0, instance:testCases.BoostConnectDB@1e127982]" name="invokeBrowser" is-config="true" duration-ms="23474" started-at="2019-11-23T08:13:40 PST" finished-at="2019-11-23T08:14:03 PST">
          <exception class="org.openqa.selenium.TimeoutException">
            <message>
              <![CDATA[timeout
  (Session info: chrome=78.0.3904.108)
Build info: version: '3.141.59', revision: 'e82be7d358', time: '2018-11-14T08:17:03'
System info: host: 'KAMAL', ip: '192.168.0.13', os.name: 'Windows 8.1', os.arch: 'amd64', os.version: '6.3', java.version: '1.8.0_221'
Driver info: org.openqa.selenium.chrome.ChromeDriver
Capabilities {acceptInsecureCerts: false, browserName: chrome, browserVersion: 78.0.3904.108, chrome: {chromedriverVersion: 77.0.3865.40 (f484704e052e0..., userDataDir: C:\Users\KAMALU~1\AppData\L...}, goog:chromeOptions: {debuggerAddress: localhost:60222}, javascriptEnabled: true, networkConnectionEnabled: false, pageLoadStrategy: normal, platform: XP, platformName: XP, proxy: Proxy(), setWindowRect: true, strictFileInteractability: false, timeouts: {implicit: 0, pageLoad: 300000, script: 30000}, unhandledPromptBehavior: dismiss and notify}
Session ID: ff1ed9094cc16c7abea1bca7632711c4]]>
            </message>
            <full-stacktrace>
              <![CDATA[org.openqa.selenium.TimeoutException: timeout
  (Session info: chrome=78.0.3904.108)
Build info: version: '3.141.59', revision: 'e82be7d358', time: '2018-11-14T08:17:03'
System info: host: 'KAMAL', ip: '192.168.0.13', os.name: 'Windows 8.1', os.arch: 'amd64', os.version: '6.3', java.version: '1.8.0_221'
Driver info: org.openqa.selenium.chrome.ChromeDriver
Capabilities {acceptInsecureCerts: false, browserName: chrome, browserVersion: 78.0.3904.108, chrome: {chromedriverVersion: 77.0.3865.40 (f484704e052e0..., userDataDir: C:\Users\KAMALU~1\AppData\L...}, goog:chromeOptions: {debuggerAddress: localhost:60222}, javascriptEnabled: true, networkConnectionEnabled: false, pageLoadStrategy: normal, platform: XP, platformName: XP, proxy: Proxy(), setWindowRect: true, strictFileInteractability: false, timeouts: {implicit: 0, pageLoad: 300000, script: 30000}, unhandledPromptBehavior: dismiss and notify}
Session ID: ff1ed9094cc16c7abea1bca7632711c4
at sun.reflect.NativeConstructorAccessorImpl.newInstance0(Native Method)
at sun.reflect.NativeConstructorAccessorImpl.newInstance(NativeConstructorAccessorImpl.java:62)
at sun.reflect.DelegatingConstructorAccessorImpl.newInstance(DelegatingConstructorAccessorImpl.java:45)
at java.lang.reflect.Constructor.newInstance(Constructor.java:423)
at org.openqa.selenium.remote.http.W3CHttpResponseCodec.createException(W3CHttpResponseCodec.java:187)
at org.openqa.selenium.remote.http.W3CHttpResponseCodec.decode(W3CHttpResponseCodec.java:122)
at org.openqa.selenium.remote.http.W3CHttpResponseCodec.decode(W3CHttpResponseCodec.java:49)
at org.openqa.selenium.remote.HttpCommandExecutor.execute(HttpCommandExecutor.java:158)
at org.openqa.selenium.remote.service.DriverCommandExecutor.execute(DriverCommandExecutor.java:83)
at org.openqa.selenium.remote.RemoteWebDriver.execute(RemoteWebDriver.java:552)
at org.openqa.selenium.remote.RemoteWebDriver.get(RemoteWebDriver.java:277)
at testCases.BoostConnectDB.invokeBrowser(BoostConnectDB.java:26)
at sun.reflect.NativeMethodAccessorImpl.invoke0(Native Method)
at sun.reflect.NativeMethodAccessorImpl.invoke(NativeMethodAccessorImpl.java:62)
at sun.reflect.DelegatingMethodAccessorImpl.invoke(DelegatingMethodAccessorImpl.java:43)
at java.lang.reflect.Method.invoke(Method.java:498)
at org.testng.internal.MethodInvocationHelper.invokeMethod(MethodInvocationHelper.java:133)
at org.testng.internal.MethodInvocationHelper.invokeMethodConsideringTimeout(MethodInvocationHelper.java:62)
at org.testng.internal.ConfigInvoker.invokeConfigurationMethod(ConfigInvoker.java:340)
at org.testng.internal.ConfigInvoker.invokeConfigurations(ConfigInvoker.java:294)
at org.testng.TestRunner.invokeTestConfigurations(TestRunner.java:623)
at org.testng.TestRunner.beforeRun(TestRunner.java:613)
at org.testng.TestRunner.run(TestRunner.java:584)
at org.testng.SuiteRunner.runTest(SuiteRunner.java:402)
at org.testng.SuiteRunner.runSequentially(SuiteRunner.java:396)
at org.testng.SuiteRunner.privateRun(SuiteRunner.java:355)
at org.testng.SuiteRunner.run(SuiteRunner.java:304)
at org.testng.SuiteRunnerWorker.runSuite(SuiteRunnerWorker.java:53)
at org.testng.SuiteRunnerWorker.run(SuiteRunnerWorker.java:96)
at org.testng.TestNG.runSuitesSequentially(TestNG.java:1180)
at org.testng.TestNG.runSuitesLocally(TestNG.java:1102)
at org.testng.TestNG.runSuites(TestNG.java:1032)
at org.testng.TestNG.run(TestNG.java:1000)
at org.apache.maven.surefire.testng.TestNGExecutor.run(TestNGExecutor.java:283)
at org.apache.maven.surefire.testng.TestNGXmlTestSuite.execute(TestNGXmlTestSuite.java:75)
at org.apache.maven.surefire.testng.TestNGProvider.invoke(TestNGProvider.java:120)
at org.apache.maven.surefire.booter.ForkedBooter.runSuitesInProcess(ForkedBooter.java:377)
at org.apache.maven.surefire.booter.ForkedBooter.execute(ForkedBooter.java:138)
at org.apache.maven.surefire.booter.ForkedBooter.run(ForkedBooter.java:465)
at org.apache.maven.surefire.booter.ForkedBooter.main(ForkedBooter.java:451)
]]>
            </full-stacktrace>
          </exception> <!-- org.openqa.selenium.TimeoutException -->
          <reporter-output>
          </reporter-output>
        </test-method> <!-- invokeBrowser -->
        <test-method status="SKIP" signature="SetUserData()[pri:0, instance:testCases.BoostConnectDB@1e127982]" name="SetUserData" duration-ms="0" started-at="2019-11-23T08:14:03 PST" finished-at="2019-11-23T08:14:03 PST">
          <exception class="org.openqa.selenium.TimeoutException">
            <message>
              <![CDATA[timeout
  (Session info: chrome=78.0.3904.108)
Build info: version: '3.141.59', revision: 'e82be7d358', time: '2018-11-14T08:17:03'
System info: host: 'KAMAL', ip: '192.168.0.13', os.name: 'Windows 8.1', os.arch: 'amd64', os.version: '6.3', java.version: '1.8.0_221'
Driver info: org.openqa.selenium.chrome.ChromeDriver
Capabilities {acceptInsecureCerts: false, browserName: chrome, browserVersion: 78.0.3904.108, chrome: {chromedriverVersion: 77.0.3865.40 (f484704e052e0..., userDataDir: C:\Users\KAMALU~1\AppData\L...}, goog:chromeOptions: {debuggerAddress: localhost:60222}, javascriptEnabled: true, networkConnectionEnabled: false, pageLoadStrategy: normal, platform: XP, platformName: XP, proxy: Proxy(), setWindowRect: true, strictFileInteractability: false, timeouts: {implicit: 0, pageLoad: 300000, script: 30000}, unhandledPromptBehavior: dismiss and notify}
Session ID: ff1ed9094cc16c7abea1bca7632711c4]]>
            </message>
            <full-stacktrace>
              <![CDATA[org.openqa.selenium.TimeoutException: timeout
  (Session info: chrome=78.0.3904.108)
Build info: version: '3.141.59', revision: 'e82be7d358', time: '2018-11-14T08:17:03'
System info: host: 'KAMAL', ip: '192.168.0.13', os.name: 'Windows 8.1', os.arch: 'amd64', os.version: '6.3', java.version: '1.8.0_221'
Driver info: org.openqa.selenium.chrome.ChromeDriver
Capabilities {acceptInsecureCerts: false, browserName: chrome, browserVersion: 78.0.3904.108, chrome: {chromedriverVersion: 77.0.3865.40 (f484704e052e0..., userDataDir: C:\Users\KAMALU~1\AppData\L...}, goog:chromeOptions: {debuggerAddress: localhost:60222}, javascriptEnabled: true, networkConnectionEnabled: false, pageLoadStrategy: normal, platform: XP, platformName: XP, proxy: Proxy(), setWindowRect: true, strictFileInteractability: false, timeouts: {implicit: 0, pageLoad: 300000, script: 30000}, unhandledPromptBehavior: dismiss and notify}
Session ID: ff1ed9094cc16c7abea1bca7632711c4
at sun.reflect.NativeConstructorAccessorImpl.newInstance0(Native Method)
at sun.reflect.NativeConstructorAccessorImpl.newInstance(NativeConstructorAccessorImpl.java:62)
at sun.reflect.DelegatingConstructorAccessorImpl.newInstance(DelegatingConstructorAccessorImpl.java:45)
at java.lang.reflect.Constructor.newInstance(Constructor.java:423)
at org.openqa.selenium.remote.http.W3CHttpResponseCodec.createException(W3CHttpResponseCodec.java:187)
at org.openqa.selenium.remote.http.W3CHttpResponseCodec.decode(W3CHttpResponseCodec.java:122)
at org.openqa.selenium.remote.http.W3CHttpResponseCodec.decode(W3CHttpResponseCodec.java:49)
at org.openqa.selenium.remote.HttpCommandExecutor.execute(HttpCommandExecutor.java:158)
at org.openqa.selenium.remote.service.DriverCommandExecutor.execute(DriverCommandExecutor.java:83)
at org.openqa.selenium.remote.RemoteWebDriver.execute(RemoteWebDriver.java:552)
at org.openqa.selenium.remote.RemoteWebDriver.get(RemoteWebDriver.java:277)
at testCases.BoostConnectDB.invokeBrowser(BoostConnectDB.java:26)
at sun.reflect.NativeMethodAccessorImpl.invoke0(Native Method)
at sun.reflect.NativeMethodAccessorImpl.invoke(NativeMethodAccessorImpl.java:62)
at sun.reflect.DelegatingMethodAccessorImpl.invoke(DelegatingMethodAccessorImpl.java:43)
at java.lang.reflect.Method.invoke(Method.java:498)
at org.testng.internal.MethodInvocationHelper.invokeMethod(MethodInvocationHelper.java:133)
at org.testng.internal.MethodInvocationHelper.invokeMethodConsideringTimeout(MethodInvocationHelper.java:62)
at org.testng.internal.ConfigInvoker.invokeConfigurationMethod(ConfigInvoker.java:340)
at org.testng.internal.ConfigInvoker.invokeConfigurations(ConfigInvoker.java:294)
at org.testng.TestRunner.invokeTestConfigurations(TestRunner.java:623)
at org.testng.TestRunner.beforeRun(TestRunner.java:613)
at org.testng.TestRunner.run(TestRunner.java:584)
at org.testng.SuiteRunner.runTest(SuiteRunner.java:402)
at org.testng.SuiteRunner.runSequentially(SuiteRunner.java:396)
at org.testng.SuiteRunner.privateRun(SuiteRunner.java:355)
at org.testng.SuiteRunner.run(SuiteRunner.java:304)
at org.testng.SuiteRunnerWorker.runSuite(SuiteRunnerWorker.java:53)
at org.testng.SuiteRunnerWorker.run(SuiteRunnerWorker.java:96)
at org.testng.TestNG.runSuitesSequentially(TestNG.java:1180)
at org.testng.TestNG.runSuitesLocally(TestNG.java:1102)
at org.testng.TestNG.runSuites(TestNG.java:1032)
at org.testng.TestNG.run(TestNG.java:1000)
at org.apache.maven.surefire.testng.TestNGExecutor.run(TestNGExecutor.java:283)
at org.apache.maven.surefire.testng.TestNGXmlTestSuite.execute(TestNGXmlTestSuite.java:75)
at org.apache.maven.surefire.testng.TestNGProvider.invoke(TestNGProvider.java:120)
at org.apache.maven.surefire.booter.ForkedBooter.runSuitesInProcess(ForkedBooter.java:377)
at org.apache.maven.surefire.booter.ForkedBooter.execute(ForkedBooter.java:138)
at org.apache.maven.surefire.booter.ForkedBooter.run(ForkedBooter.java:465)
at org.apache.maven.surefire.booter.ForkedBooter.main(ForkedBooter.java:451)
]]>
            </full-stacktrace>
          </exception> <!-- org.openqa.selenium.TimeoutException -->
          <reporter-output>
          </reporter-output>
        </test-method> <!-- SetUserData -->
        <test-method status="SKIP" signature="Exit()[pri:0, instance:testCases.BoostConnectDB@1e127982]" name="Exit" is-config="true" duration-ms="-1574525644244" started-at="2019-11-23T08:14:04 PST" finished-at="1969-12-31T16:00:00 PST">
          <reporter-output>
          </reporter-output>
        </test-method> <!-- Exit -->
      </class> <!-- testCases.BoostConnectDB -->
    </test> <!-- Boost User Loging DataBaseConnection -->
    <test name="Landing Page Testing" duration-ms="20591" started-at="2019-11-23T08:14:04 PST" finished-at="2019-11-23T08:14:24 PST">
      <class name="testCases.LandingpageTest">
        <test-method status="PASS" signature="InvokeBrowser()[pri:0, instance:testCases.LandingpageTest@71318ec4]" name="InvokeBrowser" is-config="true" duration-ms="3393" started-at="2019-11-23T08:14:04 PST" finished-at="2019-11-23T08:14:07 PST">
          <reporter-output>
          </reporter-output>
        </test-method> <!-- InvokeBrowser -->
        <test-method status="PASS" signature="landingPage()[pri:0, instance:testCases.LandingpageTest@71318ec4]" name="landingPage" duration-ms="16545" started-at="2019-11-23T08:14:07 PST" finished-at="2019-11-23T08:14:24 PST">
          <reporter-output>
          </reporter-output>
        </test-method> <!-- landingPage -->
        <test-method status="PASS" signature="validation()[pri:0, instance:testCases.LandingpageTest@71318ec4]" name="validation" duration-ms="37" started-at="2019-11-23T08:14:24 PST" finished-at="2019-11-23T08:14:24 PST">
          <reporter-output>
          </reporter-output>
        </test-method> <!-- validation -->
        <test-method status="PASS" signature="exit()[pri:0, instance:testCases.LandingpageTest@71318ec4]" name="exit" is-config="true" duration-ms="615" started-at="2019-11-23T08:14:24 PST" finished-at="2019-11-23T08:14:24 PST">
          <reporter-output>
          </reporter-output>
        </test-method> <!-- exit -->
      </class> <!-- testCases.LandingpageTest -->
    </test> <!-- Landing Page Testing -->
    <test name="Java Script Alert Testing" duration-ms="21235" started-at="2019-11-23T08:14:25 PST" finished-at="2019-11-23T08:14:46 PST">
      <class name="testCases.JavaScriptAlertTest">
        <test-method status="PASS" signature="invokebrowser()[pri:0, instance:testCases.JavaScriptAlertTest@5ce81285]" name="invokebrowser" is-config="true" duration-ms="14898" started-at="2019-11-23T08:14:25 PST" finished-at="2019-11-23T08:14:39 PST">
          <reporter-output>
          </reporter-output>
        </test-method> <!-- invokebrowser -->
        <test-method status="PASS" signature="AlerMessage()[pri:0, instance:testCases.JavaScriptAlertTest@5ce81285]" name="AlerMessage" duration-ms="3354" started-at="2019-11-23T08:14:39 PST" finished-at="2019-11-23T08:14:43 PST">
          <reporter-output>
          </reporter-output>
        </test-method> <!-- AlerMessage -->
        <test-method status="PASS" signature="AlertBox()[pri:0, instance:testCases.JavaScriptAlertTest@5ce81285]" name="AlertBox" duration-ms="1166" started-at="2019-11-23T08:14:43 PST" finished-at="2019-11-23T08:14:44 PST">
          <reporter-output>
          </reporter-output>
        </test-method> <!-- AlertBox -->
        <test-method status="PASS" signature="ConfirmBox()[pri:0, instance:testCases.JavaScriptAlertTest@5ce81285]" name="ConfirmBox" duration-ms="1173" started-at="2019-11-23T08:14:44 PST" finished-at="2019-11-23T08:14:45 PST">
          <reporter-output>
          </reporter-output>
        </test-method> <!-- ConfirmBox -->
        <test-method status="PASS" signature="Exit()[pri:0, instance:testCases.JavaScriptAlertTest@5ce81285]" name="Exit" is-config="true" duration-ms="638" started-at="2019-11-23T08:14:45 PST" finished-at="2019-11-23T08:14:46 PST">
          <reporter-output>
          </reporter-output>
        </test-method> <!-- Exit -->
      </class> <!-- testCases.JavaScriptAlertTest -->
    </test> <!-- Java Script Alert Testing -->
    <test name="Drag And Drop Testing" duration-ms="16495" started-at="2019-11-23T08:14:46 PST" finished-at="2019-11-23T08:15:02 PST">
      <class name="testCases.DragAndDropTest">
        <test-method status="PASS" signature="invokeBrowser()[pri:0, instance:testCases.DragAndDropTest@3632be31]" name="invokeBrowser" is-config="true" duration-ms="14475" started-at="2019-11-23T08:14:46 PST" finished-at="2019-11-23T08:15:00 PST">
          <reporter-output>
          </reporter-output>
        </test-method> <!-- invokeBrowser -->
        <test-method status="PASS" signature="DrapAndDrop()[pri:0, instance:testCases.DragAndDropTest@3632be31]" name="DrapAndDrop" duration-ms="1371" started-at="2019-11-23T08:15:00 PST" finished-at="2019-11-23T08:15:02 PST">
          <reporter-output>
          </reporter-output>
        </test-method> <!-- DrapAndDrop -->
        <test-method status="PASS" signature="CloseBrowser()[pri:0, instance:testCases.DragAndDropTest@3632be31]" name="CloseBrowser" is-config="true" duration-ms="646" started-at="2019-11-23T08:15:02 PST" finished-at="2019-11-23T08:15:02 PST">
          <reporter-output>
          </reporter-output>
        </test-method> <!-- CloseBrowser -->
      </class> <!-- testCases.DragAndDropTest -->
    </test> <!-- Drag And Drop Testing -->
    <test name="File Download Testing" duration-ms="17803" started-at="2019-11-23T08:15:02 PST" finished-at="2019-11-23T08:15:20 PST">
      <class name="testCases.FileDownloadTest">
        <test-method status="PASS" signature="invokebrowser()[pri:0, instance:testCases.FileDownloadTest@77c2494c]" name="invokebrowser" is-config="true" duration-ms="13050" started-at="2019-11-23T08:15:02 PST" finished-at="2019-11-23T08:15:15 PST">
          <reporter-output>
          </reporter-output>
        </test-method> <!-- invokebrowser -->
        <test-method status="PASS" signature="DownloadFile()[pri:0, instance:testCases.FileDownloadTest@77c2494c]" name="DownloadFile" duration-ms="4129" started-at="2019-11-23T08:15:15 PST" finished-at="2019-11-23T08:15:20 PST">
          <reporter-output>
          </reporter-output>
        </test-method> <!-- DownloadFile -->
        <test-method status="PASS" signature="exit()[pri:0, instance:testCases.FileDownloadTest@77c2494c]" name="exit" is-config="true" duration-ms="622" started-at="2019-11-23T08:15:20 PST" finished-at="2019-11-23T08:15:20 PST">
          <reporter-output>
          </reporter-output>
        </test-method> <!-- exit -->
      </class> <!-- testCases.FileDownloadTest -->
    </test> <!-- File Download Testing -->
    <test name="Alert Menu Testing" duration-ms="21120" started-at="2019-11-23T08:15:20 PST" finished-at="2019-11-23T08:15:41 PST">
      <class name="testCases.AlertMenuTest">
        <test-method status="PASS" signature="invokeBrowser()[pri:0, instance:testCases.AlertMenuTest@9d5509a]" name="invokeBrowser" is-config="true" duration-ms="12645" started-at="2019-11-23T08:15:20 PST" finished-at="2019-11-23T08:15:33 PST">
          <reporter-output>
          </reporter-output>
        </test-method> <!-- invokeBrowser -->
        <test-method status="PASS" signature="clickMenuItem()[pri:0, instance:testCases.AlertMenuTest@9d5509a]" name="clickMenuItem" duration-ms="4101" started-at="2019-11-23T08:15:33 PST" finished-at="2019-11-23T08:15:37 PST">
          <reporter-output>
          </reporter-output>
        </test-method> <!-- clickMenuItem -->
        <test-method status="PASS" signature="doubleFormClick()[pri:0, instance:testCases.AlertMenuTest@9d5509a]" name="doubleFormClick" duration-ms="3671" started-at="2019-11-23T08:15:37 PST" finished-at="2019-11-23T08:15:41 PST">
          <reporter-output>
          </reporter-output>
        </test-method> <!-- doubleFormClick -->
        <test-method status="PASS" signature="closeBrowser()[pri:0, instance:testCases.AlertMenuTest@9d5509a]" name="closeBrowser" is-config="true" duration-ms="701" started-at="2019-11-23T08:15:41 PST" finished-at="2019-11-23T08:15:41 PST">
          <reporter-output>
          </reporter-output>
        </test-method> <!-- closeBrowser -->
      </class> <!-- testCases.AlertMenuTest -->
    </test> <!-- Alert Menu Testing -->
    <test name="Boost Strip list Box Testing" duration-ms="21038" started-at="2019-11-23T08:15:42 PST" finished-at="2019-11-23T08:16:03 PST">
      <class name="testCases.BoostStrapListBoxTest">
        <test-method status="PASS" signature="invokeBrowser()[pri:0, instance:testCases.BoostStrapListBoxTest@6ed3ccb2]" name="invokeBrowser" is-config="true" duration-ms="17702" started-at="2019-11-23T08:15:42 PST" finished-at="2019-11-23T08:16:00 PST">
          <reporter-output>
          </reporter-output>
        </test-method> <!-- invokeBrowser -->
        <test-method status="PASS" signature="BootStrapLstBox()[pri:0, instance:testCases.BoostStrapListBoxTest@6ed3ccb2]" name="BootStrapLstBox" duration-ms="2729" started-at="2019-11-23T08:16:00 PST" finished-at="2019-11-23T08:16:03 PST">
          <reporter-output>
          </reporter-output>
        </test-method> <!-- BootStrapLstBox -->
        <test-method status="PASS" signature="ExitBrowser()[pri:0, instance:testCases.BoostStrapListBoxTest@6ed3ccb2]" name="ExitBrowser" is-config="true" duration-ms="605" started-at="2019-11-23T08:16:03 PST" finished-at="2019-11-23T08:16:03 PST">
          <reporter-output>
          </reporter-output>
        </test-method> <!-- ExitBrowser -->
      </class> <!-- testCases.BoostStrapListBoxTest -->
    </test> <!-- Boost Strip list Box Testing -->
  </suite> <!-- Suite -->
</testng-results>
