<!DOCTYPE html PUBLIC "-//W3C//DTD XHTML 1.1//EN" "http://www.w3.org/TR/xhtml11/DTD/xhtml11.dtd">
<html xmlns="http://www.w3.org/1999/xhtml">
<head>
<meta http-equiv="content-type" content="text/html; charset=UTF-8"/>
<title>TestNG Report</title>
<style type="text/css">table {margin-bottom:10px;border-collapse:collapse;empty-cells:show}th,td {border:1px solid #009;padding:.25em .5em}th {vertical-align:bottom}td {vertical-align:top}table a {font-weight:bold}.stripe td {background-color: #E6EBF9}.num {text-align:right}.passedodd td {background-color: #3F3}.passedeven td {background-color: #0A0}.skippedodd td {background-color: #DDD}.skippedeven td {background-color: #CCC}.failedodd td,.attn {background-color: #F33}.failedeven td,.stripe .attn {background-color: #D00}.stacktrace {white-space:pre;font-family:monospace}.totop {font-size:85%;text-align:center;border-bottom:2px solid #000}.invisible {display:none}</style>
</head>
<body>
<table>
<tr><th>Test</th><th># Passed</th><th># Skipped</th><th># Retried</th><th># Failed</th><th>Time (ms)</th><th>Included Groups</th><th>Excluded Groups</th></tr>
<tr><th colspan="7">Suite</th></tr>
<tr><td><a href="#t0">Boost User Loging</a></td><td class="num">2</td><td class="num">0</td><td class="num">0</td><td class="num">0</td><td class="num">25,383</td><td></td><td></td></tr>
<tr class="stripe"><td><a href="#t1">Boost User Loging DataBaseConnection</a></td><td class="num">0</td><td class="num">0</td><td class="num">0</td><td class="num attn">1</td><td class="num">14,650</td><td></td><td></td></tr>
<tr><td><a href="#t2">Landing Page Testing</a></td><td class="num">2</td><td class="num">0</td><td class="num">0</td><td class="num">0</td><td class="num">11,198</td><td></td><td></td></tr>
<tr class="stripe"><td><a href="#t3">Java Script Alert Testing</a></td><td class="num">2</td><td class="num">0</td><td class="num">0</td><td class="num attn">1</td><td class="num">14,630</td><td></td><td></td></tr>
<tr><td><a href="#t4">Drag And Drop Testing</a></td><td class="num">1</td><td class="num">0</td><td class="num">0</td><td class="num">0</td><td class="num">18,931</td><td></td><td></td></tr>
<tr class="stripe"><td><a href="#t5">File Download Testing</a></td><td class="num">1</td><td class="num">0</td><td class="num">0</td><td class="num">0</td><td class="num">17,285</td><td></td><td></td></tr>
<tr><td><a href="#t6">Alert Menu Testing</a></td><td class="num">2</td><td class="num">0</td><td class="num">0</td><td class="num">0</td><td class="num">17,885</td><td></td><td></td></tr>
<tr class="stripe"><td><a href="#t7">Boost Strip list Box Testing</a></td><td class="num">1</td><td class="num">0</td><td class="num">0</td><td class="num">0</td><td class="num">11,833</td><td></td><td></td></tr>
<tr><th>Total</th><th class="num">11</th><th class="num">0</th><th class="num">0</th><th class="num attn">2</th><th class="num">131,795</th><th colspan="2"></th></tr>
</table>
<table id='summary'><thead><tr><th>Class</th><th>Method</th><th>Start</th><th>Time (ms)</th></tr></thead><tbody><tr><th colspan="4">Suite</th></tr></tbody><tbody id="t0"><tr><th colspan="4">Boost User Loging &#8212; passed</th></tr><tr class="passedeven"><td rowspan="2">testCases.BoostMobileLoginTest</td><td><a href="#m0">UserLoginInformation</a></td><td rowspan="2">1574524711350</td><td rowspan="2">7471</td></tr><tr class="passedeven"><td><a href="#m1">UserLoginInformation</a></td></tr></tbody>
<tbody id="t1"><tr><th colspan="4">Boost User Loging DataBaseConnection &#8212; failed</th></tr><tr class="failedeven"><td rowspan="1">testCases.BoostConnectDB</td><td><a href="#m2">SetUserData</a></td><td rowspan="1">1574524728723</td><td rowspan="1">4192</td></tr></tbody>
<tbody id="t2"><tr><th colspan="4">Landing Page Testing &#8212; passed</th></tr><tr class="passedeven"><td rowspan="2">testCases.LandingpageTest</td><td><a href="#m3">landingPage</a></td><td rowspan="1">1574524737701</td><td rowspan="1">6889</td></tr><tr class="passedeven"><td><a href="#m4">validation</a></td><td rowspan="1">1574524744596</td><td rowspan="1">54</td></tr></tbody>
<tbody id="t3"><tr><th colspan="4">Java Script Alert Testing &#8212; failed</th></tr><tr class="failedeven"><td rowspan="1">testCases.JavaScriptAlertTest</td><td><a href="#m5">AlerMessage</a></td><td rowspan="1">1574524755636</td><td rowspan="1">919</td></tr><tr><th colspan="4">Java Script Alert Testing &#8212; passed</th></tr><tr class="passedeven"><td rowspan="2">testCases.JavaScriptAlertTest</td><td><a href="#m6">AlertBox</a></td><td rowspan="1">1574524757126</td><td rowspan="1">1139</td></tr><tr class="passedeven"><td><a href="#m7">ConfirmBox</a></td><td rowspan="1">1574524758269</td><td rowspan="1">1167</td></tr></tbody>
<tbody id="t4"><tr><th colspan="4">Drag And Drop Testing &#8212; passed</th></tr><tr class="passedeven"><td rowspan="1">testCases.DragAndDropTest</td><td><a href="#m8">DrapAndDrop</a></td><td rowspan="1">1574524773682</td><td rowspan="1">4956</td></tr></tbody>
<tbody id="t5"><tr><th colspan="4">File Download Testing &#8212; passed</th></tr><tr class="passedeven"><td rowspan="1">testCases.FileDownloadTest</td><td><a href="#m9">DownloadFile</a></td><td rowspan="1">1574524792215</td><td rowspan="1">4274</td></tr></tbody>
<tbody id="t6"><tr><th colspan="4">Alert Menu Testing &#8212; passed</th></tr><tr class="passedeven"><td rowspan="2">testCases.AlertMenuTest</td><td><a href="#m10">clickMenuItem</a></td><td rowspan="1">1574524807321</td><td rowspan="1">3407</td></tr><tr class="passedeven"><td><a href="#m11">doubleFormClick</a></td><td rowspan="1">1574524810730</td><td rowspan="1">3651</td></tr></tbody>
<tbody id="t7"><tr><th colspan="4">Boost Strip list Box Testing &#8212; passed</th></tr><tr class="passedeven"><td rowspan="1">testCases.BoostStrapListBoxTest</td><td><a href="#m12">BootStrapLstBox</a></td><td rowspan="1">1574524823976</td><td rowspan="1">2104</td></tr></tbody>
</table>
<h2>Boost User Loging</h2><h3 id="m0">testCases.BoostMobileLoginTest#UserLoginInformation</h3><table class="result"><tr class="param"><th>Parameter #1</th><th>Parameter #2</th></tr><tr class="param stripe"><td>7576601027</td><td>1996</td></tr></table><p class="totop"><a href="#summary">back to summary</a></p>
<h3 id="m1">testCases.BoostMobileLoginTest#UserLoginInformation</h3><table class="result"><tr class="param"><th>Parameter #1</th><th>Parameter #2</th></tr><tr class="param stripe"><td>7573587255</td><td>1987</td></tr></table><p class="totop"><a href="#summary">back to summary</a></p>
<h2>Boost User Loging DataBaseConnection</h2><h3 id="m2">testCases.BoostConnectDB#SetUserData</h3><table class="result"><tr><th>Exception</th></tr><tr><td><div class="stacktrace">com.mysql.cj.jdbc.exceptions.CommunicationsException: Communications link failure

The last packet sent successfully to the server was 0 milliseconds ago. The driver has not received any packets from the server.
	at com.mysql.cj.jdbc.exceptions.SQLError.createCommunicationsException(SQLError.java:174)
	at com.mysql.cj.jdbc.exceptions.SQLExceptionsMapping.translateException(SQLExceptionsMapping.java:64)
	at com.mysql.cj.jdbc.ConnectionImpl.createNewIO(ConnectionImpl.java:836)
	at com.mysql.cj.jdbc.ConnectionImpl.&lt;init&gt;(ConnectionImpl.java:456)
	at com.mysql.cj.jdbc.ConnectionImpl.getInstance(ConnectionImpl.java:246)
	at com.mysql.cj.jdbc.NonRegisteringDriver.connect(NonRegisteringDriver.java:199)
	at java.sql.DriverManager.getConnection(Unknown Source)
	at java.sql.DriverManager.getConnection(Unknown Source)
	at testCases.BoostConnectDB.SetUserData(BoostConnectDB.java:32)
	at java.util.ArrayList.forEach(Unknown Source)
Caused by: com.mysql.cj.exceptions.CJCommunicationsException: Communications link failure

The last packet sent successfully to the server was 0 milliseconds ago. The driver has not received any packets from the server.
	at com.mysql.cj.exceptions.ExceptionFactory.createException(ExceptionFactory.java:61)
	at com.mysql.cj.exceptions.ExceptionFactory.createException(ExceptionFactory.java:105)
	at com.mysql.cj.exceptions.ExceptionFactory.createException(ExceptionFactory.java:151)
	at com.mysql.cj.exceptions.ExceptionFactory.createCommunicationsException(ExceptionFactory.java:167)
	at com.mysql.cj.protocol.a.NativeSocketConnection.connect(NativeSocketConnection.java:91)
	at com.mysql.cj.NativeSession.connect(NativeSession.java:144)
	at com.mysql.cj.jdbc.ConnectionImpl.connectOneTryOnly(ConnectionImpl.java:956)
	at com.mysql.cj.jdbc.ConnectionImpl.createNewIO(ConnectionImpl.java:826)
	... 34 more
Caused by: java.net.ConnectException: Connection refused: connect
	at java.net.DualStackPlainSocketImpl.connect0(Native Method)
	at java.net.DualStackPlainSocketImpl.socketConnect(Unknown Source)
	at java.net.AbstractPlainSocketImpl.doConnect(Unknown Source)
	at java.net.AbstractPlainSocketImpl.connectToAddress(Unknown Source)
	at java.net.AbstractPlainSocketImpl.connect(Unknown Source)
	at java.net.PlainSocketImpl.connect(Unknown Source)
	at java.net.SocksSocketImpl.connect(Unknown Source)
	at java.net.Socket.connect(Unknown Source)
	at com.mysql.cj.protocol.StandardSocketFactory.connect(StandardSocketFactory.java:155)
	at com.mysql.cj.protocol.a.NativeSocketConnection.connect(NativeSocketConnection.java:65)
	... 37 more
... Removed 31 stack frames</div></td></tr></table><p class="totop"><a href="#summary">back to summary</a></p>
<h2>Landing Page Testing</h2><h3 id="m3">testCases.LandingpageTest#landingPage</h3><table class="result"><tr><th class="invisible"/></tr></table><p class="totop"><a href="#summary">back to summary</a></p>
<h3 id="m4">testCases.LandingpageTest#validation</h3><table class="result"><tr><th class="invisible"/></tr></table><p class="totop"><a href="#summary">back to summary</a></p>
<h2>Java Script Alert Testing</h2><h3 id="m5">testCases.JavaScriptAlertTest#AlerMessage</h3><table class="result"><tr><th>Exception</th></tr><tr><td><div class="stacktrace">org.openqa.selenium.NoAlertPresentException: no such alert
  (Session info: chrome=78.0.3904.108)
Build info: version: &apos;3.141.59&apos;, revision: &apos;e82be7d358&apos;, time: &apos;2018-11-14T08:17:03&apos;
System info: host: &apos;KAMAL&apos;, ip: &apos;192.168.0.13&apos;, os.name: &apos;Windows 8.1&apos;, os.arch: &apos;amd64&apos;, os.version: &apos;6.3&apos;, java.version: &apos;1.8.0_231&apos;
Driver info: org.openqa.selenium.chrome.ChromeDriver
Capabilities {acceptInsecureCerts: false, browserName: chrome, browserVersion: 78.0.3904.108, chrome: {chromedriverVersion: 77.0.3865.40 (f484704e052e0..., userDataDir: C:\Users\KAMALU~1\AppData\L...}, goog:chromeOptions: {debuggerAddress: localhost:57603}, javascriptEnabled: true, networkConnectionEnabled: false, pageLoadStrategy: normal, platform: XP, platformName: XP, proxy: Proxy(), setWindowRect: true, strictFileInteractability: false, timeouts: {implicit: 0, pageLoad: 300000, script: 30000}, unhandledPromptBehavior: dismiss and notify}
Session ID: 01edbab7b4c7d575dde55e458f1a6afa
	at org.openqa.selenium.remote.http.W3CHttpResponseCodec.createException(W3CHttpResponseCodec.java:187)
	at org.openqa.selenium.remote.http.W3CHttpResponseCodec.decode(W3CHttpResponseCodec.java:122)
	at org.openqa.selenium.remote.http.W3CHttpResponseCodec.decode(W3CHttpResponseCodec.java:49)
	at org.openqa.selenium.remote.HttpCommandExecutor.execute(HttpCommandExecutor.java:158)
	at org.openqa.selenium.remote.service.DriverCommandExecutor.execute(DriverCommandExecutor.java:83)
	at org.openqa.selenium.remote.RemoteWebDriver.execute(RemoteWebDriver.java:552)
	at org.openqa.selenium.remote.RemoteWebDriver.execute(RemoteWebDriver.java:609)
	at org.openqa.selenium.remote.RemoteWebDriver$RemoteTargetLocator.alert(RemoteWebDriver.java:932)
	at testCases.JavaScriptAlertTest.AlerMessage(JavaScriptAlertTest.java:38)
	at java.util.ArrayList.forEach(Unknown Source)
... Removed 31 stack frames</div></td></tr></table><p class="totop"><a href="#summary">back to summary</a></p>
<h3 id="m6">testCases.JavaScriptAlertTest#AlertBox</h3><table class="result"><tr><th class="invisible"/></tr></table><p class="totop"><a href="#summary">back to summary</a></p>
<h3 id="m7">testCases.JavaScriptAlertTest#ConfirmBox</h3><table class="result"><tr><th class="invisible"/></tr></table><p class="totop"><a href="#summary">back to summary</a></p>
<h2>Drag And Drop Testing</h2><h3 id="m8">testCases.DragAndDropTest#DrapAndDrop</h3><table class="result"><tr><th class="invisible"/></tr></table><p class="totop"><a href="#summary">back to summary</a></p>
<h2>File Download Testing</h2><h3 id="m9">testCases.FileDownloadTest#DownloadFile</h3><table class="result"><tr><th class="invisible"/></tr></table><p class="totop"><a href="#summary">back to summary</a></p>
<h2>Alert Menu Testing</h2><h3 id="m10">testCases.AlertMenuTest#clickMenuItem</h3><table class="result"><tr><th class="invisible"/></tr></table><p class="totop"><a href="#summary">back to summary</a></p>
<h3 id="m11">testCases.AlertMenuTest#doubleFormClick</h3><table class="result"><tr><th class="invisible"/></tr></table><p class="totop"><a href="#summary">back to summary</a></p>
<h2>Boost Strip list Box Testing</h2><h3 id="m12">testCases.BoostStrapListBoxTest#BootStrapLstBox</h3><table class="result"><tr><th class="invisible"/></tr></table><p class="totop"><a href="#summary">back to summary</a></p>
</body>
</html>
