<?xml version="1.0" encoding="UTF-8"?>
<testng-results skipped="0" failed="2" ignored="0" total="13" passed="11">
  <reporter-output>
  </reporter-output>
  <suite name="Suite" duration-ms="132726" started-at="2019-11-23T07:58:14 PST" finished-at="2019-11-23T08:00:26 PST">
    <groups>
    </groups>
    <test name="Boost User Loging" duration-ms="25383" started-at="2019-11-23T07:58:14 PST" finished-at="2019-11-23T07:58:39 PST">
      <class name="testCases.BoostMobileLoginTest">
        <test-method status="PASS" signature="invokeBrowser()[pri:0, instance:testCases.BoostMobileLoginTest@9660f4e]" name="invokeBrowser" is-config="true" duration-ms="4425" started-at="2019-11-23T07:58:14 PST" finished-at="2019-11-23T07:58:18 PST">
          <reporter-output>
          </reporter-output>
        </test-method> <!-- invokeBrowser -->
        <test-method status="PASS" signature="UserLoginInformation(java.lang.String, java.lang.String)[pri:0, instance:testCases.BoostMobileLoginTest@9660f4e]" name="UserLoginInformation" duration-ms="12688" started-at="2019-11-23T07:58:18 PST" data-provider="UserInformation" finished-at="2019-11-23T07:58:31 PST">
          <params>
            <param index="0">
              <value>
                <![CDATA[7573587255]]>
              </value>
            </param>
            <param index="1">
              <value>
                <![CDATA[1987]]>
              </value>
            </param>
          </params>
          <reporter-output>
          </reporter-output>
        </test-method> <!-- UserLoginInformation -->
        <test-method status="PASS" signature="UserLoginInformation(java.lang.String, java.lang.String)[pri:0, instance:testCases.BoostMobileLoginTest@9660f4e]" name="UserLoginInformation" duration-ms="7471" started-at="2019-11-23T07:58:31 PST" data-provider="UserInformation" finished-at="2019-11-23T07:58:38 PST">
          <params>
            <param index="0">
              <value>
                <![CDATA[7576601027]]>
              </value>
            </param>
            <param index="1">
              <value>
                <![CDATA[1996]]>
              </value>
            </param>
          </params>
          <reporter-output>
          </reporter-output>
        </test-method> <!-- UserLoginInformation -->
        <test-method status="PASS" signature="exit()[pri:0, instance:testCases.BoostMobileLoginTest@9660f4e]" name="exit" is-config="true" duration-ms="719" started-at="2019-11-23T07:58:38 PST" finished-at="2019-11-23T07:58:39 PST">
          <reporter-output>
          </reporter-output>
        </test-method> <!-- exit -->
      </class> <!-- testCases.BoostMobileLoginTest -->
    </test> <!-- Boost User Loging -->
    <test name="Boost User Loging DataBaseConnection" duration-ms="14650" started-at="2019-11-23T07:58:39 PST" finished-at="2019-11-23T07:58:54 PST">
      <class name="testCases.BoostConnectDB">
        <test-method status="PASS" signature="invokeBrowser()[pri:0, instance:testCases.BoostConnectDB@3b088d51]" name="invokeBrowser" is-config="true" duration-ms="9058" started-at="2019-11-23T07:58:39 PST" finished-at="2019-11-23T07:58:48 PST">
          <reporter-output>
          </reporter-output>
        </test-method> <!-- invokeBrowser -->
        <test-method status="FAIL" signature="SetUserData()[pri:0, instance:testCases.BoostConnectDB@3b088d51]" name="SetUserData" duration-ms="4192" started-at="2019-11-23T07:58:48 PST" finished-at="2019-11-23T07:58:52 PST">
          <exception class="com.mysql.cj.jdbc.exceptions.CommunicationsException">
            <message>
              <![CDATA[Communications link failure

The last packet sent successfully to the server was 0 milliseconds ago. The driver has not received any packets from the server.]]>
            </message>
            <full-stacktrace>
              <![CDATA[com.mysql.cj.jdbc.exceptions.CommunicationsException: Communications link failure

The last packet sent successfully to the server was 0 milliseconds ago. The driver has not received any packets from the server.
at com.mysql.cj.jdbc.exceptions.SQLError.createCommunicationsException(SQLError.java:174)
at com.mysql.cj.jdbc.exceptions.SQLExceptionsMapping.translateException(SQLExceptionsMapping.java:64)
at com.mysql.cj.jdbc.ConnectionImpl.createNewIO(ConnectionImpl.java:836)
at com.mysql.cj.jdbc.ConnectionImpl.<init>(ConnectionImpl.java:456)
at com.mysql.cj.jdbc.ConnectionImpl.getInstance(ConnectionImpl.java:246)
at com.mysql.cj.jdbc.NonRegisteringDriver.connect(NonRegisteringDriver.java:199)
at java.sql.DriverManager.getConnection(Unknown Source)
at java.sql.DriverManager.getConnection(Unknown Source)
at testCases.BoostConnectDB.SetUserData(BoostConnectDB.java:32)
at sun.reflect.NativeMethodAccessorImpl.invoke0(Native Method)
at sun.reflect.NativeMethodAccessorImpl.invoke(Unknown Source)
at sun.reflect.DelegatingMethodAccessorImpl.invoke(Unknown Source)
at java.lang.reflect.Method.invoke(Unknown Source)
at org.testng.internal.MethodInvocationHelper.invokeMethod(MethodInvocationHelper.java:133)
at org.testng.internal.TestInvoker.invokeMethod(TestInvoker.java:584)
at org.testng.internal.TestInvoker.invokeTestMethod(TestInvoker.java:172)
at org.testng.internal.MethodRunner.runInSequence(MethodRunner.java:46)
at org.testng.internal.TestInvoker$MethodInvocationAgent.invoke(TestInvoker.java:804)
at org.testng.internal.TestInvoker.invokeTestMethods(TestInvoker.java:145)
at org.testng.internal.TestMethodWorker.invokeTestMethods(TestMethodWorker.java:146)
at org.testng.internal.TestMethodWorker.run(TestMethodWorker.java:128)
at java.util.ArrayList.forEach(Unknown Source)
at org.testng.TestRunner.privateRun(TestRunner.java:770)
at org.testng.TestRunner.run(TestRunner.java:591)
at org.testng.SuiteRunner.runTest(SuiteRunner.java:402)
at org.testng.SuiteRunner.runSequentially(SuiteRunner.java:396)
at org.testng.SuiteRunner.privateRun(SuiteRunner.java:355)
at org.testng.SuiteRunner.run(SuiteRunner.java:304)
at org.testng.SuiteRunnerWorker.runSuite(SuiteRunnerWorker.java:53)
at org.testng.SuiteRunnerWorker.run(SuiteRunnerWorker.java:96)
at org.testng.TestNG.runSuitesSequentially(TestNG.java:1180)
at org.testng.TestNG.runSuitesLocally(TestNG.java:1102)
at org.testng.TestNG.runSuites(TestNG.java:1032)
at org.testng.TestNG.run(TestNG.java:1000)
at org.testng.remote.AbstractRemoteTestNG.run(AbstractRemoteTestNG.java:115)
at org.testng.remote.RemoteTestNG.initAndRun(RemoteTestNG.java:251)
at org.testng.remote.RemoteTestNG.main(RemoteTestNG.java:77)
Caused by: com.mysql.cj.exceptions.CJCommunicationsException: Communications link failure

The last packet sent successfully to the server was 0 milliseconds ago. The driver has not received any packets from the server.
at sun.reflect.NativeConstructorAccessorImpl.newInstance0(Native Method)
at sun.reflect.NativeConstructorAccessorImpl.newInstance(Unknown Source)
at sun.reflect.DelegatingConstructorAccessorImpl.newInstance(Unknown Source)
at java.lang.reflect.Constructor.newInstance(Unknown Source)
at com.mysql.cj.exceptions.ExceptionFactory.createException(ExceptionFactory.java:61)
at com.mysql.cj.exceptions.ExceptionFactory.createException(ExceptionFactory.java:105)
at com.mysql.cj.exceptions.ExceptionFactory.createException(ExceptionFactory.java:151)
at com.mysql.cj.exceptions.ExceptionFactory.createCommunicationsException(ExceptionFactory.java:167)
at com.mysql.cj.protocol.a.NativeSocketConnection.connect(NativeSocketConnection.java:91)
at com.mysql.cj.NativeSession.connect(NativeSession.java:144)
at com.mysql.cj.jdbc.ConnectionImpl.connectOneTryOnly(ConnectionImpl.java:956)
at com.mysql.cj.jdbc.ConnectionImpl.createNewIO(ConnectionImpl.java:826)
... 34 more
Caused by: java.net.ConnectException: Connection refused: connect
at java.net.DualStackPlainSocketImpl.connect0(Native Method)
at java.net.DualStackPlainSocketImpl.socketConnect(Unknown Source)
at java.net.AbstractPlainSocketImpl.doConnect(Unknown Source)
at java.net.AbstractPlainSocketImpl.connectToAddress(Unknown Source)
at java.net.AbstractPlainSocketImpl.connect(Unknown Source)
at java.net.PlainSocketImpl.connect(Unknown Source)
at java.net.SocksSocketImpl.connect(Unknown Source)
at java.net.Socket.connect(Unknown Source)
at com.mysql.cj.protocol.StandardSocketFactory.connect(StandardSocketFactory.java:155)
at com.mysql.cj.protocol.a.NativeSocketConnection.connect(NativeSocketConnection.java:65)
... 37 more
]]>
            </full-stacktrace>
          </exception> <!-- com.mysql.cj.jdbc.exceptions.CommunicationsException -->
          <reporter-output>
          </reporter-output>
        </test-method> <!-- SetUserData -->
        <test-method status="PASS" signature="Exit()[pri:0, instance:testCases.BoostConnectDB@3b088d51]" name="Exit" is-config="true" duration-ms="693" started-at="2019-11-23T07:58:53 PST" finished-at="2019-11-23T07:58:54 PST">
          <reporter-output>
          </reporter-output>
        </test-method> <!-- Exit -->
      </class> <!-- testCases.BoostConnectDB -->
    </test> <!-- Boost User Loging DataBaseConnection -->
    <test name="Landing Page Testing" duration-ms="11198" started-at="2019-11-23T07:58:54 PST" finished-at="2019-11-23T07:59:05 PST">
      <class name="testCases.LandingpageTest">
        <test-method status="PASS" signature="InvokeBrowser()[pri:0, instance:testCases.LandingpageTest@3712b94]" name="InvokeBrowser" is-config="true" duration-ms="3324" started-at="2019-11-23T07:58:54 PST" finished-at="2019-11-23T07:58:57 PST">
          <reporter-output>
          </reporter-output>
        </test-method> <!-- InvokeBrowser -->
        <test-method status="PASS" signature="landingPage()[pri:0, instance:testCases.LandingpageTest@3712b94]" name="landingPage" duration-ms="6889" started-at="2019-11-23T07:58:57 PST" finished-at="2019-11-23T07:59:04 PST">
          <reporter-output>
          </reporter-output>
        </test-method> <!-- landingPage -->
        <test-method status="PASS" signature="validation()[pri:0, instance:testCases.LandingpageTest@3712b94]" name="validation" duration-ms="54" started-at="2019-11-23T07:59:04 PST" finished-at="2019-11-23T07:59:04 PST">
          <reporter-output>
          </reporter-output>
        </test-method> <!-- validation -->
        <test-method status="PASS" signature="exit()[pri:0, instance:testCases.LandingpageTest@3712b94]" name="exit" is-config="true" duration-ms="905" started-at="2019-11-23T07:59:04 PST" finished-at="2019-11-23T07:59:05 PST">
          <reporter-output>
          </reporter-output>
        </test-method> <!-- exit -->
      </class> <!-- testCases.LandingpageTest -->
    </test> <!-- Landing Page Testing -->
    <test name="Java Script Alert Testing" duration-ms="14630" started-at="2019-11-23T07:59:05 PST" finished-at="2019-11-23T07:59:20 PST">
      <class name="testCases.JavaScriptAlertTest">
        <test-method status="PASS" signature="invokebrowser()[pri:0, instance:testCases.JavaScriptAlertTest@536aaa8d]" name="invokebrowser" is-config="true" duration-ms="10003" started-at="2019-11-23T07:59:05 PST" finished-at="2019-11-23T07:59:15 PST">
          <reporter-output>
          </reporter-output>
        </test-method> <!-- invokebrowser -->
        <test-method status="FAIL" signature="AlerMessage()[pri:0, instance:testCases.JavaScriptAlertTest@536aaa8d]" name="AlerMessage" duration-ms="919" started-at="2019-11-23T07:59:15 PST" finished-at="2019-11-23T07:59:16 PST">
          <exception class="org.openqa.selenium.NoAlertPresentException">
            <message>
              <![CDATA[no such alert
  (Session info: chrome=78.0.3904.108)
Build info: version: '3.141.59', revision: 'e82be7d358', time: '2018-11-14T08:17:03'
System info: host: 'KAMAL', ip: '192.168.0.13', os.name: 'Windows 8.1', os.arch: 'amd64', os.version: '6.3', java.version: '1.8.0_231'
Driver info: org.openqa.selenium.chrome.ChromeDriver
Capabilities {acceptInsecureCerts: false, browserName: chrome, browserVersion: 78.0.3904.108, chrome: {chromedriverVersion: 77.0.3865.40 (f484704e052e0..., userDataDir: C:\Users\KAMALU~1\AppData\L...}, goog:chromeOptions: {debuggerAddress: localhost:57603}, javascriptEnabled: true, networkConnectionEnabled: false, pageLoadStrategy: normal, platform: XP, platformName: XP, proxy: Proxy(), setWindowRect: true, strictFileInteractability: false, timeouts: {implicit: 0, pageLoad: 300000, script: 30000}, unhandledPromptBehavior: dismiss and notify}
Session ID: 01edbab7b4c7d575dde55e458f1a6afa]]>
            </message>
            <full-stacktrace>
              <![CDATA[org.openqa.selenium.NoAlertPresentException: no such alert
  (Session info: chrome=78.0.3904.108)
Build info: version: '3.141.59', revision: 'e82be7d358', time: '2018-11-14T08:17:03'
System info: host: 'KAMAL', ip: '192.168.0.13', os.name: 'Windows 8.1', os.arch: 'amd64', os.version: '6.3', java.version: '1.8.0_231'
Driver info: org.openqa.selenium.chrome.ChromeDriver
Capabilities {acceptInsecureCerts: false, browserName: chrome, browserVersion: 78.0.3904.108, chrome: {chromedriverVersion: 77.0.3865.40 (f484704e052e0..., userDataDir: C:\Users\KAMALU~1\AppData\L...}, goog:chromeOptions: {debuggerAddress: localhost:57603}, javascriptEnabled: true, networkConnectionEnabled: false, pageLoadStrategy: normal, platform: XP, platformName: XP, proxy: Proxy(), setWindowRect: true, strictFileInteractability: false, timeouts: {implicit: 0, pageLoad: 300000, script: 30000}, unhandledPromptBehavior: dismiss and notify}
Session ID: 01edbab7b4c7d575dde55e458f1a6afa
at sun.reflect.NativeConstructorAccessorImpl.newInstance0(Native Method)
at sun.reflect.NativeConstructorAccessorImpl.newInstance(Unknown Source)
at sun.reflect.DelegatingConstructorAccessorImpl.newInstance(Unknown Source)
at java.lang.reflect.Constructor.newInstance(Unknown Source)
at org.openqa.selenium.remote.http.W3CHttpResponseCodec.createException(W3CHttpResponseCodec.java:187)
at org.openqa.selenium.remote.http.W3CHttpResponseCodec.decode(W3CHttpResponseCodec.java:122)
at org.openqa.selenium.remote.http.W3CHttpResponseCodec.decode(W3CHttpResponseCodec.java:49)
at org.openqa.selenium.remote.HttpCommandExecutor.execute(HttpCommandExecutor.java:158)
at org.openqa.selenium.remote.service.DriverCommandExecutor.execute(DriverCommandExecutor.java:83)
at org.openqa.selenium.remote.RemoteWebDriver.execute(RemoteWebDriver.java:552)
at org.openqa.selenium.remote.RemoteWebDriver.execute(RemoteWebDriver.java:609)
at org.openqa.selenium.remote.RemoteWebDriver$RemoteTargetLocator.alert(RemoteWebDriver.java:932)
at testCases.JavaScriptAlertTest.AlerMessage(JavaScriptAlertTest.java:38)
at sun.reflect.NativeMethodAccessorImpl.invoke0(Native Method)
at sun.reflect.NativeMethodAccessorImpl.invoke(Unknown Source)
at sun.reflect.DelegatingMethodAccessorImpl.invoke(Unknown Source)
at java.lang.reflect.Method.invoke(Unknown Source)
at org.testng.internal.MethodInvocationHelper.invokeMethod(MethodInvocationHelper.java:133)
at org.testng.internal.TestInvoker.invokeMethod(TestInvoker.java:584)
at org.testng.internal.TestInvoker.invokeTestMethod(TestInvoker.java:172)
at org.testng.internal.MethodRunner.runInSequence(MethodRunner.java:46)
at org.testng.internal.TestInvoker$MethodInvocationAgent.invoke(TestInvoker.java:804)
at org.testng.internal.TestInvoker.invokeTestMethods(TestInvoker.java:145)
at org.testng.internal.TestMethodWorker.invokeTestMethods(TestMethodWorker.java:146)
at org.testng.internal.TestMethodWorker.run(TestMethodWorker.java:128)
at java.util.ArrayList.forEach(Unknown Source)
at org.testng.TestRunner.privateRun(TestRunner.java:770)
at org.testng.TestRunner.run(TestRunner.java:591)
at org.testng.SuiteRunner.runTest(SuiteRunner.java:402)
at org.testng.SuiteRunner.runSequentially(SuiteRunner.java:396)
at org.testng.SuiteRunner.privateRun(SuiteRunner.java:355)
at org.testng.SuiteRunner.run(SuiteRunner.java:304)
at org.testng.SuiteRunnerWorker.runSuite(SuiteRunnerWorker.java:53)
at org.testng.SuiteRunnerWorker.run(SuiteRunnerWorker.java:96)
at org.testng.TestNG.runSuitesSequentially(TestNG.java:1180)
at org.testng.TestNG.runSuitesLocally(TestNG.java:1102)
at org.testng.TestNG.runSuites(TestNG.java:1032)
at org.testng.TestNG.run(TestNG.java:1000)
at org.testng.remote.AbstractRemoteTestNG.run(AbstractRemoteTestNG.java:115)
at org.testng.remote.RemoteTestNG.initAndRun(RemoteTestNG.java:251)
at org.testng.remote.RemoteTestNG.main(RemoteTestNG.java:77)
]]>
            </full-stacktrace>
          </exception> <!-- org.openqa.selenium.NoAlertPresentException -->
          <reporter-output>
          </reporter-output>
        </test-method> <!-- AlerMessage -->
        <test-method status="PASS" signature="AlertBox()[pri:0, instance:testCases.JavaScriptAlertTest@536aaa8d]" name="AlertBox" duration-ms="1139" started-at="2019-11-23T07:59:17 PST" finished-at="2019-11-23T07:59:18 PST">
          <reporter-output>
          </reporter-output>
        </test-method> <!-- AlertBox -->
        <test-method status="PASS" signature="ConfirmBox()[pri:0, instance:testCases.JavaScriptAlertTest@536aaa8d]" name="ConfirmBox" duration-ms="1167" started-at="2019-11-23T07:59:18 PST" finished-at="2019-11-23T07:59:19 PST">
          <reporter-output>
          </reporter-output>
        </test-method> <!-- ConfirmBox -->
        <test-method status="PASS" signature="Exit()[pri:0, instance:testCases.JavaScriptAlertTest@536aaa8d]" name="Exit" is-config="true" duration-ms="816" started-at="2019-11-23T07:59:19 PST" finished-at="2019-11-23T07:59:20 PST">
          <reporter-output>
          </reporter-output>
        </test-method> <!-- Exit -->
      </class> <!-- testCases.JavaScriptAlertTest -->
    </test> <!-- Java Script Alert Testing -->
    <test name="Drag And Drop Testing" duration-ms="18931" started-at="2019-11-23T07:59:20 PST" finished-at="2019-11-23T07:59:39 PST">
      <class name="testCases.DragAndDropTest">
        <test-method status="PASS" signature="invokeBrowser()[pri:0, instance:testCases.DragAndDropTest@1877ab81]" name="invokeBrowser" is-config="true" duration-ms="13331" started-at="2019-11-23T07:59:20 PST" finished-at="2019-11-23T07:59:33 PST">
          <reporter-output>
          </reporter-output>
        </test-method> <!-- invokeBrowser -->
        <test-method status="PASS" signature="DrapAndDrop()[pri:0, instance:testCases.DragAndDropTest@1877ab81]" name="DrapAndDrop" duration-ms="4956" started-at="2019-11-23T07:59:33 PST" finished-at="2019-11-23T07:59:38 PST">
          <reporter-output>
          </reporter-output>
        </test-method> <!-- DrapAndDrop -->
        <test-method status="PASS" signature="CloseBrowser()[pri:0, instance:testCases.DragAndDropTest@1877ab81]" name="CloseBrowser" is-config="true" duration-ms="639" started-at="2019-11-23T07:59:38 PST" finished-at="2019-11-23T07:59:39 PST">
          <reporter-output>
          </reporter-output>
        </test-method> <!-- CloseBrowser -->
      </class> <!-- testCases.DragAndDropTest -->
    </test> <!-- Drag And Drop Testing -->
    <test name="File Download Testing" duration-ms="17285" started-at="2019-11-23T07:59:39 PST" finished-at="2019-11-23T07:59:57 PST">
      <class name="testCases.FileDownloadTest">
        <test-method status="PASS" signature="invokebrowser()[pri:0, instance:testCases.FileDownloadTest@58ea606c]" name="invokebrowser" is-config="true" duration-ms="12379" started-at="2019-11-23T07:59:39 PST" finished-at="2019-11-23T07:59:52 PST">
          <reporter-output>
          </reporter-output>
        </test-method> <!-- invokebrowser -->
        <test-method status="PASS" signature="DownloadFile()[pri:0, instance:testCases.FileDownloadTest@58ea606c]" name="DownloadFile" duration-ms="4274" started-at="2019-11-23T07:59:52 PST" finished-at="2019-11-23T07:59:56 PST">
          <reporter-output>
          </reporter-output>
        </test-method> <!-- DownloadFile -->
        <test-method status="PASS" signature="exit()[pri:0, instance:testCases.FileDownloadTest@58ea606c]" name="exit" is-config="true" duration-ms="626" started-at="2019-11-23T07:59:56 PST" finished-at="2019-11-23T07:59:57 PST">
          <reporter-output>
          </reporter-output>
        </test-method> <!-- exit -->
      </class> <!-- testCases.FileDownloadTest -->
    </test> <!-- File Download Testing -->
    <test name="Alert Menu Testing" duration-ms="17885" started-at="2019-11-23T07:59:57 PST" finished-at="2019-11-23T08:00:15 PST">
      <class name="testCases.AlertMenuTest">
        <test-method status="PASS" signature="invokeBrowser()[pri:0, instance:testCases.AlertMenuTest@424e1977]" name="invokeBrowser" is-config="true" duration-ms="10158" started-at="2019-11-23T07:59:57 PST" finished-at="2019-11-23T08:00:07 PST">
          <reporter-output>
          </reporter-output>
        </test-method> <!-- invokeBrowser -->
        <test-method status="PASS" signature="clickMenuItem()[pri:0, instance:testCases.AlertMenuTest@424e1977]" name="clickMenuItem" duration-ms="3407" started-at="2019-11-23T08:00:07 PST" finished-at="2019-11-23T08:00:10 PST">
          <reporter-output>
          </reporter-output>
        </test-method> <!-- clickMenuItem -->
        <test-method status="PASS" signature="doubleFormClick()[pri:0, instance:testCases.AlertMenuTest@424e1977]" name="doubleFormClick" duration-ms="3651" started-at="2019-11-23T08:00:10 PST" finished-at="2019-11-23T08:00:14 PST">
          <reporter-output>
          </reporter-output>
        </test-method> <!-- doubleFormClick -->
        <test-method status="PASS" signature="closeBrowser()[pri:0, instance:testCases.AlertMenuTest@424e1977]" name="closeBrowser" is-config="true" duration-ms="661" started-at="2019-11-23T08:00:14 PST" finished-at="2019-11-23T08:00:15 PST">
          <reporter-output>
          </reporter-output>
        </test-method> <!-- closeBrowser -->
      </class> <!-- testCases.AlertMenuTest -->
    </test> <!-- Alert Menu Testing -->
    <test name="Boost Strip list Box Testing" duration-ms="11833" started-at="2019-11-23T08:00:15 PST" finished-at="2019-11-23T08:00:26 PST">
      <class name="testCases.BoostStrapListBoxTest">
        <test-method status="PASS" signature="invokeBrowser()[pri:0, instance:testCases.BoostStrapListBoxTest@d21a74c]" name="invokeBrowser" is-config="true" duration-ms="8908" started-at="2019-11-23T08:00:15 PST" finished-at="2019-11-23T08:00:23 PST">
          <reporter-output>
          </reporter-output>
        </test-method> <!-- invokeBrowser -->
        <test-method status="PASS" signature="BootStrapLstBox()[pri:0, instance:testCases.BoostStrapListBoxTest@d21a74c]" name="BootStrapLstBox" duration-ms="2104" started-at="2019-11-23T08:00:23 PST" finished-at="2019-11-23T08:00:26 PST">
          <reporter-output>
          </reporter-output>
        </test-method> <!-- BootStrapLstBox -->
        <test-method status="PASS" signature="ExitBrowser()[pri:0, instance:testCases.BoostStrapListBoxTest@d21a74c]" name="ExitBrowser" is-config="true" duration-ms="817" started-at="2019-11-23T08:00:26 PST" finished-at="2019-11-23T08:00:26 PST">
          <reporter-output>
          </reporter-output>
        </test-method> <!-- ExitBrowser -->
      </class> <!-- testCases.BoostStrapListBoxTest -->
    </test> <!-- Boost Strip list Box Testing -->
  </suite> <!-- Suite -->
</testng-results>
